已在 : 2019-07-30 16:38:39 启动虚拟用户脚本
LoadRunner 12.60.0 的 TruClient 回放 (内部版本 1053)，内部版本 0971。OS: Windows 10, Browser: Chromium 63.0.3239.132，已于 16:38:39 (1564475919.700s) 在 2019/07/30 上初始化

正在运行 Vuser...
正在开始迭代 1。
通知: 事务 "Transaction 1" 已启动。
t=00001184ms: 步骤 1: 导航到 "https://dongxiaowang.cn/" 已启动    [MsgId: MMSG-205180]
t=00005093ms: 步骤 1: 导航到 https://dongxiaowang.cn/ 已使用结束事件“已加载文档”成功完成    [MsgId: MMSG-205180]
t=00005598ms: 步骤 2: 单击 主页 链接 已启动    [MsgId: MMSG-205180]
t=00006152ms: 步骤 2: 单击 主页 链接 已使用结束事件“步骤网络已完成”成功完成    [MsgId: MMSG-205180]
t=00006658ms: 步骤 3: 单击 RGB颜色转换 链接 已启动    [MsgId: MMSG-205180]
t=00008536ms: 步骤 3: 单击 RGB颜色转换 链接 已使用结束事件“已加载文档”成功完成    [MsgId: MMSG-205180]
通知: 事务"Transaction 1"以"Pass"状态结束 (持续时间: 7.3470 浪费时间: 3.5840)。
t=00009040ms: 步骤 4: 单击 255 文本框 已启动    [MsgId: MMSG-205180]
t=00009520ms: 步骤 4: 单击 255 文本框 已使用结束事件“步骤网络已完成”成功完成    [MsgId: MMSG-205180]
t=00010025ms: 步骤 5: 在 255 文本框中输入 255 已启动    [MsgId: MMSG-205180]
t=00010833ms: 步骤 5: 在 255 文本框中输入 255 已使用结束事件“操作已完成”成功完成    [MsgId: MMSG-205180]
通知: 事务 "Transaction 2" 已启动。
t=00011338ms: 步骤 6: 单击 255 180 0 转换 网格单元 已启动    [MsgId: MMSG-205180]
t=00011785ms: 步骤 6: 单击 255 180 0 转换 网格单元 已使用结束事件“步骤网络已完成”成功完成    [MsgId: MMSG-205180]
t=00012290ms: 步骤 7: 单击 180 文本框 已启动    [MsgId: MMSG-205180]
t=00012741ms: 步骤 7: 单击 180 文本框 已使用结束事件“步骤网络已完成”成功完成    [MsgId: MMSG-205180]
t=00013247ms: 步骤 8: 在 180 文本框中输入 112 已启动    [MsgId: MMSG-205180]
t=00014722ms: 步骤 8: 在 180 文本框中输入 112 已使用结束事件“操作已完成”成功完成    [MsgId: MMSG-205180]
t=00015228ms: 步骤 9: 单击 255 文本框 已启动    [MsgId: MMSG-205180]
t=00015679ms: 步骤 9: 单击 255 文本框 已使用结束事件“步骤网络已完成”成功完成    [MsgId: MMSG-205180]
t=00016185ms: 步骤 10: 在 0 文本框中输入 34 已启动    [MsgId: MMSG-205180]
t=00016547ms: 步骤 10: 在 0 文本框中输入 34 已使用结束事件“操作已完成”成功完成    [MsgId: MMSG-205180]
通知: 事务"Transaction 2"以"Pass"状态结束 (持续时间: 5.2140 浪费时间: 3.4420)。
t=00017052ms: 步骤 11: 单击 转换 按钮 已启动    [MsgId: MMSG-205180]
t=00017520ms: 步骤 11: 单击 转换 按钮 已使用结束事件“步骤网络已完成”成功完成    [MsgId: MMSG-205180]
t=00018027ms: 步骤 12: 在 #CC00FF 文本框上按下鼠标 已启动    [MsgId: MMSG-205180]
t=00018489ms: 步骤 12: 在 #CC00FF 文本框上按下鼠标 已使用结束事件“步骤网络已完成”成功完成    [MsgId: MMSG-205180]
t=00018994ms: 步骤 13: 重新加载当前页面 已启动    [MsgId: MMSG-205180]
t=00019906ms: 步骤 13: 重新加载当前页面 已使用结束事件“已加载文档”成功完成    [MsgId: MMSG-205180]
正在结束迭代 1。
正在结束 Vuser...
Vuser 已终止。
